<?xml version="1.0" encoding="UTF-8"?>
<testng-results skipped="0" failed="0" ignored="0" total="1" passed="1">
  <reporter-output>
  </reporter-output>
  <suite name="Default suite" duration-ms="46465" started-at="2018-08-11T11:50:33Z" finished-at="2018-08-11T11:51:20Z">
    <groups>
      <group name="sanity">
        <method signature="Edit.editLead()[pri:0, instance:monday.Edit@544fe44c]" name="editLead" class="monday.Edit"/>
      </group> <!-- sanity -->
    </groups>
    <test name="Default test" duration-ms="46465" started-at="2018-08-11T11:50:33Z" finished-at="2018-08-11T11:51:20Z">
      <class name="monday.Edit">
        <test-method status="PASS" signature="login()[pri:0, instance:monday.Edit@544fe44c]" name="login" is-config="true" duration-ms="24740" started-at="2018-08-11T11:50:33Z" finished-at="2018-08-11T11:50:58Z">
          <reporter-output>
          </reporter-output>
        </test-method> <!-- login -->
        <test-method status="PASS" signature="editLead()[pri:0, instance:monday.Edit@544fe44c]" name="editLead" duration-ms="19139" started-at="2018-08-11T11:50:58Z" finished-at="2018-08-11T11:51:17Z">
          <reporter-output>
          </reporter-output>
        </test-method> <!-- editLead -->
        <test-method status="PASS" signature="close()[pri:0, instance:monday.Edit@544fe44c]" name="close" is-config="true" duration-ms="2444" started-at="2018-08-11T11:51:17Z" finished-at="2018-08-11T11:51:20Z">
          <reporter-output>
          </reporter-output>
        </test-method> <!-- close -->
      </class> <!-- monday.Edit -->
    </test> <!-- Default test -->
  </suite> <!-- Default suite -->
</testng-results>
